<?xml version="1.0" encoding="UTF-8"?>
<testng-results ignored="0" total="1" passed="1" failed="0" skipped="0">
  <reporter-output>
  </reporter-output>
  <suite started-at="2023-06-13T12:40:55 EDT" name="Default suite" finished-at="2023-06-13T12:41:10 EDT" duration-ms="15539">
    <groups>
      <group name="cucumber">
        <method signature="AbstractTestNGCucumberTests.feature(cucumber.api.testng.CucumberFeatureWrapper)[pri:0, instance:testrunner.testrun@5f049ea1]" name="feature" class="cucumber.api.testng.AbstractTestNGCucumberTests"/>
      </group> <!-- cucumber -->
    </groups>
    <test started-at="2023-06-13T12:40:55 EDT" name="Default test" finished-at="2023-06-13T12:41:10 EDT" duration-ms="15539">
      <class name="testrunner.testrun">
        <test-method is-config="true" signature="setUpClass()[pri:0, instance:testrunner.testrun@5f049ea1]" started-at="2023-06-13T12:40:55 EDT" name="setUpClass" finished-at="2023-06-13T12:40:55 EDT" duration-ms="158" status="PASS">
          <reporter-output>
          </reporter-output>
        </test-method> <!-- setUpClass -->
        <test-method signature="feature(cucumber.api.testng.CucumberFeatureWrapper)[pri:0, instance:testrunner.testrun@5f049ea1]" started-at="2023-06-13T12:40:55 EDT" name="feature" description="Runs Cucumber Feature" data-provider="features" finished-at="2023-06-13T12:41:10 EDT" duration-ms="15243" status="PASS">
          <params>
            <param index="0">
              <value>
                <![CDATA[This Is Baby Page Displaying Feature]]>
              </value>
            </param>
          </params>
          <reporter-output>
          </reporter-output>
        </test-method> <!-- feature -->
        <test-method is-config="true" signature="tearDownClass()[pri:0, instance:testrunner.testrun@5f049ea1]" started-at="2023-06-13T12:41:10 EDT" name="tearDownClass" finished-at="2023-06-13T12:41:10 EDT" duration-ms="14" status="PASS">
          <reporter-output>
          </reporter-output>
        </test-method> <!-- tearDownClass -->
      </class> <!-- testrunner.testrun -->
    </test> <!-- Default test -->
  </suite> <!-- Default suite -->
</testng-results>
